e:\qtcontrol\qtcontrol\qtcontrol\x64\debug\qrc_qtcontrol.obj
e:\qtcontrol\qtcontrol\qtcontrol\x64\debug\moc_qtcontrol.obj
e:\qtcontrol\qtcontrol\qtcontrol\x64\debug\main.obj
e:\qtcontrol\qtcontrol\qtcontrol\x64\debug\moc_serialportsetting.obj
e:\qtcontrol\qtcontrol\qtcontrol\x64\debug\qtcontrol.obj
e:\qtcontrol\qtcontrol\qtcontrol\x64\debug\serialportsetting.obj
e:\qtcontrol\qtcontrol\qtcontrol\x64\debug\keyboard.obj
e:\qtcontrol\qtcontrol\qtcontrol\x64\debug\moc_keyboard.obj
e:\qtcontrol\qtcontrol\qtcontrol\x64\debug\vc141.pdb
e:\qtcontrol\qtcontrol\x64\debug\qtcontrol.exe
e:\qtcontrol\qtcontrol\x64\debug\qtcontrol.ilk
e:\qtcontrol\qtcontrol\x64\debug\qtcontrol.pdb
e:\qtcontrol\qtcontrol\qtcontrol\generatedfiles\debug\moc_qtcontrol.cpp
e:\qtcontrol\qtcontrol\qtcontrol\generatedfiles\qrc_qtcontrol.cpp
e:\qtcontrol\qtcontrol\qtcontrol\generatedfiles\ui_qtcontrol.h
e:\qtcontrol\qtcontrol\qtcontrol\generatedfiles\debug\moc_serialportsetting.cpp
e:\qtcontrol\qtcontrol\qtcontrol\generatedfiles\ui_serialportsetting.h
e:\qtcontrol\qtcontrol\qtcontrol\generatedfiles\debug\moc_keyboard.cpp
e:\qtcontrol\qtcontrol\qtcontrol\generatedfiles\ui_keyboard.h
e:\qtcontrol\qtcontrol\qtcontrol\x64\debug\qtcontrol.tlog\cl.command.1.tlog
e:\qtcontrol\qtcontrol\qtcontrol\x64\debug\qtcontrol.tlog\cl.read.1.tlog
e:\qtcontrol\qtcontrol\qtcontrol\x64\debug\qtcontrol.tlog\cl.write.1.tlog
e:\qtcontrol\qtcontrol\qtcontrol\x64\debug\qtcontrol.tlog\link.command.1.tlog
e:\qtcontrol\qtcontrol\qtcontrol\x64\debug\qtcontrol.tlog\link.read.1.tlog
e:\qtcontrol\qtcontrol\qtcontrol\x64\debug\qtcontrol.tlog\link.write.1.tlog
e:\qtcontrol\qtcontrol\qtcontrol\x64\debug\qtcontrol.tlog\qtcontrol.write.1u.tlog
