C:\Program Files (x86)\Microsoft Visual Studio\2017\Community\Common7\IDE\VC\VCTargets\Microsoft.CppBuild.targets(944,5): warning MSB8027: 名为 moc_frmcomtool.cpp 的两个或更多文件将生成到同一位置的输出。这会导致错误的生成结果。   调用的文件是 GeneratedFiles\Debug\moc_frmcomtool.cpp, .\GeneratedFiles\Debug\moc_frmcomtool.cpp。
C:\Program Files (x86)\Microsoft Visual Studio\2017\Community\Common7\IDE\VC\VCTargets\Microsoft.CppBuild.targets(944,5): warning MSB8027: 名为 moc_KeyBoard.cpp 的两个或更多文件将生成到同一位置的输出。这会导致错误的生成结果。   调用的文件是 GeneratedFiles\Debug\moc_KeyBoard.cpp, .\GeneratedFiles\Debug\moc_KeyBoard.cpp。
C:\Program Files (x86)\Microsoft Visual Studio\2017\Community\Common7\IDE\VC\VCTargets\Microsoft.CppBuild.targets(944,5): warning MSB8027: 名为 moc_NumKeyBoard.cpp 的两个或更多文件将生成到同一位置的输出。这会导致错误的生成结果。   调用的文件是 GeneratedFiles\Debug\moc_NumKeyBoard.cpp, .\GeneratedFiles\Debug\moc_NumKeyBoard.cpp。
C:\Program Files (x86)\Microsoft Visual Studio\2017\Community\Common7\IDE\VC\VCTargets\Microsoft.CppBuild.targets(944,5): warning MSB8027: 名为 moc_QtControl.cpp 的两个或更多文件将生成到同一位置的输出。这会导致错误的生成结果。   调用的文件是 GeneratedFiles\Debug\moc_QtControl.cpp, .\GeneratedFiles\Debug\moc_QtControl.cpp。
C:\Program Files (x86)\Microsoft Visual Studio\2017\Community\Common7\IDE\VC\VCTargets\Microsoft.CppBuild.targets(944,5): warning MSB8027: 名为 qrc_QtControl.cpp 的两个或更多文件将生成到同一位置的输出。这会导致错误的生成结果。   调用的文件是 GeneratedFiles\qrc_QtControl.cpp, .\GeneratedFiles\qrc_QtControl.cpp。
  moc_CMessage.cpp
  moc_CProgressWidget.cpp
  moc_CQRWidget.cpp
  moc_CSerialPort.cpp
e:\study\qtcontrolcenter\qtcontrol\include\develop_interface.h : warning C4819: 该文件包含不能在当前代码页(936)中表示的字符。请将该文件保存为 Unicode 格式以防止数据丢失 (编译源文件 .\GeneratedFiles\Debug\moc_CSerialPort.cpp)
e:\study\qtcontrolcenter\qtcontrol\log\log_deffine.h(12): warning C4091: “typedef ”: 没有声明变量时忽略“EnumLogLevel”的左侧 (编译源文件 .\GeneratedFiles\Debug\moc_CSerialPort.cpp)
e:\study\qtcontrolcenter\qtcontrol\base\myhelper.h : warning C4819: 该文件包含不能在当前代码页(936)中表示的字符。请将该文件保存为 Unicode 格式以防止数据丢失 (编译源文件 .\GeneratedFiles\Debug\moc_CSerialPort.cpp)
e:\study\qtcontrolcenter\qtcontrol\include\develop_interface.h : warning C4819: 该文件包含不能在当前代码页(936)中表示的字符。请将该文件保存为 Unicode 格式以防止数据丢失 (编译源文件 .\GeneratedFiles\Debug\moc_CProgressWidget.cpp)
e:\study\qtcontrolcenter\qtcontrol\log\log_deffine.h(12): warning C4091: “typedef ”: 没有声明变量时忽略“EnumLogLevel”的左侧 (编译源文件 .\GeneratedFiles\Debug\moc_CProgressWidget.cpp)
e:\study\qtcontrolcenter\qtcontrol\base\myhelper.h : warning C4819: 该文件包含不能在当前代码页(936)中表示的字符。请将该文件保存为 Unicode 格式以防止数据丢失 (编译源文件 .\GeneratedFiles\Debug\moc_CProgressWidget.cpp)
e:\study\qtcontrolcenter\qtcontrol\include\develop_interface.h : warning C4819: 该文件包含不能在当前代码页(936)中表示的字符。请将该文件保存为 Unicode 格式以防止数据丢失 (编译源文件 .\GeneratedFiles\Debug\moc_CQRWidget.cpp)
e:\study\qtcontrolcenter\qtcontrol\log\log_deffine.h(12): warning C4091: “typedef ”: 没有声明变量时忽略“EnumLogLevel”的左侧 (编译源文件 .\GeneratedFiles\Debug\moc_CQRWidget.cpp)
e:\study\qtcontrolcenter\qtcontrol\base\myhelper.h : warning C4819: 该文件包含不能在当前代码页(936)中表示的字符。请将该文件保存为 Unicode 格式以防止数据丢失 (编译源文件 .\GeneratedFiles\Debug\moc_CQRWidget.cpp)
e:\study\qtcontrolcenter\qtcontrol\include\develop_interface.h : warning C4819: 该文件包含不能在当前代码页(936)中表示的字符。请将该文件保存为 Unicode 格式以防止数据丢失 (编译源文件 .\GeneratedFiles\Debug\moc_CMessage.cpp)
e:\study\qtcontrolcenter\qtcontrol\log\log_deffine.h(12): warning C4091: “typedef ”: 没有声明变量时忽略“EnumLogLevel”的左侧 (编译源文件 .\GeneratedFiles\Debug\moc_CMessage.cpp)
e:\study\qtcontrolcenter\qtcontrol\base\myhelper.h : warning C4819: 该文件包含不能在当前代码页(936)中表示的字符。请将该文件保存为 Unicode 格式以防止数据丢失 (编译源文件 .\GeneratedFiles\Debug\moc_CMessage.cpp)
e:\study\qtcontrolcenter\qtcontrol\base\runtime.h : warning C4819: 该文件包含不能在当前代码页(936)中表示的字符。请将该文件保存为 Unicode 格式以防止数据丢失 (编译源文件 .\GeneratedFiles\Debug\moc_CProgressWidget.cpp)
e:\study\qtcontrolcenter\qtcontrol\base\runtime.h : warning C4819: 该文件包含不能在当前代码页(936)中表示的字符。请将该文件保存为 Unicode 格式以防止数据丢失 (编译源文件 .\GeneratedFiles\Debug\moc_CSerialPort.cpp)
e:\study\qtcontrolcenter\qtcontrol\base\runtime.h : warning C4819: 该文件包含不能在当前代码页(936)中表示的字符。请将该文件保存为 Unicode 格式以防止数据丢失 (编译源文件 .\GeneratedFiles\Debug\moc_CQRWidget.cpp)
e:\study\qtcontrolcenter\qtcontrol\base\runtime.h : warning C4819: 该文件包含不能在当前代码页(936)中表示的字符。请将该文件保存为 Unicode 格式以防止数据丢失 (编译源文件 .\GeneratedFiles\Debug\moc_CMessage.cpp)
  moc_ControlSql.cpp
  moc_NumKeyBoard.cpp
  moc_QGetWidget.cpp
  moc_QPortControl.cpp
e:\study\qtcontrolcenter\qtcontrol\log\log_deffine.h(12): warning C4091: “typedef ”: 没有声明变量时忽略“EnumLogLevel”的左侧 (编译源文件 .\GeneratedFiles\Debug\moc_ControlSql.cpp)
e:\study\qtcontrolcenter\qtcontrol\include\develop_interface.h : warning C4819: 该文件包含不能在当前代码页(936)中表示的字符。请将该文件保存为 Unicode 格式以防止数据丢失 (编译源文件 .\GeneratedFiles\Debug\moc_QPortControl.cpp)
e:\study\qtcontrolcenter\qtcontrol\log\log_deffine.h(12): warning C4091: “typedef ”: 没有声明变量时忽略“EnumLogLevel”的左侧 (编译源文件 .\GeneratedFiles\Debug\moc_QPortControl.cpp)
e:\study\qtcontrolcenter\qtcontrol\base\myhelper.h : warning C4819: 该文件包含不能在当前代码页(936)中表示的字符。请将该文件保存为 Unicode 格式以防止数据丢失 (编译源文件 .\GeneratedFiles\Debug\moc_QPortControl.cpp)
e:\study\qtcontrolcenter\qtcontrol\include\develop_interface.h : warning C4819: 该文件包含不能在当前代码页(936)中表示的字符。请将该文件保存为 Unicode 格式以防止数据丢失 (编译源文件 .\GeneratedFiles\Debug\moc_NumKeyBoard.cpp)
e:\study\qtcontrolcenter\qtcontrol\log\log_deffine.h(12): warning C4091: “typedef ”: 没有声明变量时忽略“EnumLogLevel”的左侧 (编译源文件 .\GeneratedFiles\Debug\moc_NumKeyBoard.cpp)
e:\study\qtcontrolcenter\qtcontrol\base\myhelper.h : warning C4819: 该文件包含不能在当前代码页(936)中表示的字符。请将该文件保存为 Unicode 格式以防止数据丢失 (编译源文件 .\GeneratedFiles\Debug\moc_NumKeyBoard.cpp)
e:\study\qtcontrolcenter\qtcontrol\include\develop_interface.h : warning C4819: 该文件包含不能在当前代码页(936)中表示的字符。请将该文件保存为 Unicode 格式以防止数据丢失 (编译源文件 .\GeneratedFiles\Debug\moc_QGetWidget.cpp)
e:\study\qtcontrolcenter\qtcontrol\log\log_deffine.h(12): warning C4091: “typedef ”: 没有声明变量时忽略“EnumLogLevel”的左侧 (编译源文件 .\GeneratedFiles\Debug\moc_QGetWidget.cpp)
e:\study\qtcontrolcenter\qtcontrol\base\myhelper.h : warning C4819: 该文件包含不能在当前代码页(936)中表示的字符。请将该文件保存为 Unicode 格式以防止数据丢失 (编译源文件 .\GeneratedFiles\Debug\moc_QGetWidget.cpp)
e:\study\qtcontrolcenter\qtcontrol\include\develop_interface.h : warning C4819: 该文件包含不能在当前代码页(936)中表示的字符。请将该文件保存为 Unicode 格式以防止数据丢失 (编译源文件 .\GeneratedFiles\Debug\moc_ControlSql.cpp)
e:\study\qtcontrolcenter\qtcontrol\base\myhelper.h : warning C4819: 该文件包含不能在当前代码页(936)中表示的字符。请将该文件保存为 Unicode 格式以防止数据丢失 (编译源文件 .\GeneratedFiles\Debug\moc_ControlSql.cpp)
e:\study\qtcontrolcenter\qtcontrol\base\runtime.h : warning C4819: 该文件包含不能在当前代码页(936)中表示的字符。请将该文件保存为 Unicode 格式以防止数据丢失 (编译源文件 .\GeneratedFiles\Debug\moc_ControlSql.cpp)
e:\study\qtcontrolcenter\qtcontrol\base\runtime.h : warning C4819: 该文件包含不能在当前代码页(936)中表示的字符。请将该文件保存为 Unicode 格式以防止数据丢失 (编译源文件 .\GeneratedFiles\Debug\moc_NumKeyBoard.cpp)
e:\study\qtcontrolcenter\qtcontrol\base\runtime.h : warning C4819: 该文件包含不能在当前代码页(936)中表示的字符。请将该文件保存为 Unicode 格式以防止数据丢失 (编译源文件 .\GeneratedFiles\Debug\moc_QGetWidget.cpp)
e:\study\qtcontrolcenter\qtcontrol\base\runtime.h : warning C4819: 该文件包含不能在当前代码页(936)中表示的字符。请将该文件保存为 Unicode 格式以防止数据丢失 (编译源文件 .\GeneratedFiles\Debug\moc_QPortControl.cpp)
  moc_QtControl.cpp
  moc_Qtxqm.cpp
  moc_frmcomtool.cpp
e:\study\qtcontrolcenter\qtcontrol\frmcomtool.h : warning C4819: 该文件包含不能在当前代码页(936)中表示的字符。请将该文件保存为 Unicode 格式以防止数据丢失 (编译源文件 .\GeneratedFiles\Debug\moc_frmcomtool.cpp)
  CMessage.cpp
e:\study\qtcontrolcenter\qtcontrol\include\develop_interface.h : warning C4819: 该文件包含不能在当前代码页(936)中表示的字符。请将该文件保存为 Unicode 格式以防止数据丢失 (编译源文件 .\GeneratedFiles\Debug\moc_Qtxqm.cpp)
e:\study\qtcontrolcenter\qtcontrol\log\log_deffine.h(12): warning C4091: “typedef ”: 没有声明变量时忽略“EnumLogLevel”的左侧 (编译源文件 .\GeneratedFiles\Debug\moc_Qtxqm.cpp)
e:\study\qtcontrolcenter\qtcontrol\base\myhelper.h : warning C4819: 该文件包含不能在当前代码页(936)中表示的字符。请将该文件保存为 Unicode 格式以防止数据丢失 (编译源文件 .\GeneratedFiles\Debug\moc_Qtxqm.cpp)
e:\study\qtcontrolcenter\qtcontrol\frmcomtool.h : warning C4819: 该文件包含不能在当前代码页(936)中表示的字符。请将该文件保存为 Unicode 格式以防止数据丢失 (编译源文件 .\GeneratedFiles\Debug\moc_QtControl.cpp)
e:\study\qtcontrolcenter\qtcontrol\include\develop_interface.h : warning C4819: 该文件包含不能在当前代码页(936)中表示的字符。请将该文件保存为 Unicode 格式以防止数据丢失 (编译源文件 .\GeneratedFiles\Debug\moc_QtControl.cpp)
e:\study\qtcontrolcenter\qtcontrol\log\log_deffine.h(12): warning C4091: “typedef ”: 没有声明变量时忽略“EnumLogLevel”的左侧 (编译源文件 .\GeneratedFiles\Debug\moc_QtControl.cpp)
e:\study\qtcontrolcenter\qtcontrol\base\myhelper.h : warning C4819: 该文件包含不能在当前代码页(936)中表示的字符。请将该文件保存为 Unicode 格式以防止数据丢失 (编译源文件 .\GeneratedFiles\Debug\moc_QtControl.cpp)
e:\study\qtcontrolcenter\qtcontrol\include\develop_interface.h : warning C4819: 该文件包含不能在当前代码页(936)中表示的字符。请将该文件保存为 Unicode 格式以防止数据丢失 (编译源文件 .\GeneratedFiles\Debug\moc_frmcomtool.cpp)
e:\study\qtcontrolcenter\qtcontrol\log\log_deffine.h(12): warning C4091: “typedef ”: 没有声明变量时忽略“EnumLogLevel”的左侧 (编译源文件 .\GeneratedFiles\Debug\moc_frmcomtool.cpp)
e:\study\qtcontrolcenter\qtcontrol\base\myhelper.h : warning C4819: 该文件包含不能在当前代码页(936)中表示的字符。请将该文件保存为 Unicode 格式以防止数据丢失 (编译源文件 .\GeneratedFiles\Debug\moc_frmcomtool.cpp)
e:\study\qtcontrolcenter\qtcontrol\include\develop_interface.h : warning C4819: 该文件包含不能在当前代码页(936)中表示的字符。请将该文件保存为 Unicode 格式以防止数据丢失 (编译源文件 CMessage.cpp)
e:\study\qtcontrolcenter\qtcontrol\log\log_deffine.h(12): warning C4091: “typedef ”: 没有声明变量时忽略“EnumLogLevel”的左侧 (编译源文件 CMessage.cpp)
e:\study\qtcontrolcenter\qtcontrol\base\myhelper.h : warning C4819: 该文件包含不能在当前代码页(936)中表示的字符。请将该文件保存为 Unicode 格式以防止数据丢失 (编译源文件 CMessage.cpp)
e:\study\qtcontrolcenter\qtcontrol\base\runtime.h : warning C4819: 该文件包含不能在当前代码页(936)中表示的字符。请将该文件保存为 Unicode 格式以防止数据丢失 (编译源文件 .\GeneratedFiles\Debug\moc_Qtxqm.cpp)
e:\study\qtcontrolcenter\qtcontrol\base\runtime.h : warning C4819: 该文件包含不能在当前代码页(936)中表示的字符。请将该文件保存为 Unicode 格式以防止数据丢失 (编译源文件 .\GeneratedFiles\Debug\moc_QtControl.cpp)
e:\study\qtcontrolcenter\qtcontrol\base\runtime.h : warning C4819: 该文件包含不能在当前代码页(936)中表示的字符。请将该文件保存为 Unicode 格式以防止数据丢失 (编译源文件 .\GeneratedFiles\Debug\moc_frmcomtool.cpp)
e:\study\qtcontrolcenter\qtcontrol\base\runtime.h : warning C4819: 该文件包含不能在当前代码页(936)中表示的字符。请将该文件保存为 Unicode 格式以防止数据丢失 (编译源文件 CMessage.cpp)
  CProgressWidget.cpp
  CQRWidget.cpp
  CSerialPort.cpp
  ControlSql.cpp
e:\study\qtcontrolcenter\qtcontrol\include\develop_interface.h : warning C4819: 该文件包含不能在当前代码页(936)中表示的字符。请将该文件保存为 Unicode 格式以防止数据丢失 (编译源文件 CSerialPort.cpp)
e:\study\qtcontrolcenter\qtcontrol\log\log_deffine.h(12): warning C4091: “typedef ”: 没有声明变量时忽略“EnumLogLevel”的左侧 (编译源文件 CSerialPort.cpp)
e:\study\qtcontrolcenter\qtcontrol\base\myhelper.h : warning C4819: 该文件包含不能在当前代码页(936)中表示的字符。请将该文件保存为 Unicode 格式以防止数据丢失 (编译源文件 CSerialPort.cpp)
e:\study\qtcontrolcenter\qtcontrol\log\log_deffine.h(12): warning C4091: “typedef ”: 没有声明变量时忽略“EnumLogLevel”的左侧 (编译源文件 ControlSql.cpp)
e:\study\qtcontrolcenter\qtcontrol\include\develop_interface.h : warning C4819: 该文件包含不能在当前代码页(936)中表示的字符。请将该文件保存为 Unicode 格式以防止数据丢失 (编译源文件 CProgressWidget.cpp)
e:\study\qtcontrolcenter\qtcontrol\log\log_deffine.h(12): warning C4091: “typedef ”: 没有声明变量时忽略“EnumLogLevel”的左侧 (编译源文件 CProgressWidget.cpp)
e:\study\qtcontrolcenter\qtcontrol\base\myhelper.h : warning C4819: 该文件包含不能在当前代码页(936)中表示的字符。请将该文件保存为 Unicode 格式以防止数据丢失 (编译源文件 CProgressWidget.cpp)
e:\study\qtcontrolcenter\qtcontrol\include\develop_interface.h : warning C4819: 该文件包含不能在当前代码页(936)中表示的字符。请将该文件保存为 Unicode 格式以防止数据丢失 (编译源文件 CQRWidget.cpp)
e:\study\qtcontrolcenter\qtcontrol\log\log_deffine.h(12): warning C4091: “typedef ”: 没有声明变量时忽略“EnumLogLevel”的左侧 (编译源文件 CQRWidget.cpp)
e:\study\qtcontrolcenter\qtcontrol\base\myhelper.h : warning C4819: 该文件包含不能在当前代码页(936)中表示的字符。请将该文件保存为 Unicode 格式以防止数据丢失 (编译源文件 CQRWidget.cpp)
e:\study\qtcontrolcenter\qtcontrol\include\develop_interface.h : warning C4819: 该文件包含不能在当前代码页(936)中表示的字符。请将该文件保存为 Unicode 格式以防止数据丢失 (编译源文件 ControlSql.cpp)
e:\study\qtcontrolcenter\qtcontrol\base\myhelper.h : warning C4819: 该文件包含不能在当前代码页(936)中表示的字符。请将该文件保存为 Unicode 格式以防止数据丢失 (编译源文件 ControlSql.cpp)
e:\study\qtcontrolcenter\qtcontrol\base\runtime.h : warning C4819: 该文件包含不能在当前代码页(936)中表示的字符。请将该文件保存为 Unicode 格式以防止数据丢失 (编译源文件 CProgressWidget.cpp)
e:\study\qtcontrolcenter\qtcontrol\base\runtime.h : warning C4819: 该文件包含不能在当前代码页(936)中表示的字符。请将该文件保存为 Unicode 格式以防止数据丢失 (编译源文件 CQRWidget.cpp)
e:\study\qtcontrolcenter\qtcontrol\base\runtime.h : warning C4819: 该文件包含不能在当前代码页(936)中表示的字符。请将该文件保存为 Unicode 格式以防止数据丢失 (编译源文件 CSerialPort.cpp)
e:\study\qtcontrolcenter\qtcontrol\base\myhelper.h : warning C4819: 该文件包含不能在当前代码页(936)中表示的字符。请将该文件保存为 Unicode 格式以防止数据丢失 (编译源文件 CSerialPort.cpp)
e:\study\qtcontrolcenter\qtcontrol\base\runtime.h : warning C4819: 该文件包含不能在当前代码页(936)中表示的字符。请将该文件保存为 Unicode 格式以防止数据丢失 (编译源文件 ControlSql.cpp)
  moc_NumKeyBoard.cpp
  moc_QtControl.cpp
  moc_frmcomtool.cpp
e:\study\qtcontrolcenter\qtcontrol\frmcomtool.h : warning C4819: 该文件包含不能在当前代码页(936)中表示的字符。请将该文件保存为 Unicode 格式以防止数据丢失 (编译源文件 GeneratedFiles\Debug\moc_frmcomtool.cpp)
  NumKeyBoard.cpp
e:\study\qtcontrolcenter\qtcontrol\frmcomtool.h : warning C4819: 该文件包含不能在当前代码页(936)中表示的字符。请将该文件保存为 Unicode 格式以防止数据丢失 (编译源文件 GeneratedFiles\Debug\moc_QtControl.cpp)
e:\study\qtcontrolcenter\qtcontrol\include\develop_interface.h : warning C4819: 该文件包含不能在当前代码页(936)中表示的字符。请将该文件保存为 Unicode 格式以防止数据丢失 (编译源文件 GeneratedFiles\Debug\moc_NumKeyBoard.cpp)
e:\study\qtcontrolcenter\qtcontrol\log\log_deffine.h(12): warning C4091: “typedef ”: 没有声明变量时忽略“EnumLogLevel”的左侧 (编译源文件 GeneratedFiles\Debug\moc_NumKeyBoard.cpp)
e:\study\qtcontrolcenter\qtcontrol\base\myhelper.h : warning C4819: 该文件包含不能在当前代码页(936)中表示的字符。请将该文件保存为 Unicode 格式以防止数据丢失 (编译源文件 GeneratedFiles\Debug\moc_NumKeyBoard.cpp)
e:\study\qtcontrolcenter\qtcontrol\include\develop_interface.h : warning C4819: 该文件包含不能在当前代码页(936)中表示的字符。请将该文件保存为 Unicode 格式以防止数据丢失 (编译源文件 GeneratedFiles\Debug\moc_QtControl.cpp)
e:\study\qtcontrolcenter\qtcontrol\log\log_deffine.h(12): warning C4091: “typedef ”: 没有声明变量时忽略“EnumLogLevel”的左侧 (编译源文件 GeneratedFiles\Debug\moc_QtControl.cpp)
e:\study\qtcontrolcenter\qtcontrol\base\myhelper.h : warning C4819: 该文件包含不能在当前代码页(936)中表示的字符。请将该文件保存为 Unicode 格式以防止数据丢失 (编译源文件 GeneratedFiles\Debug\moc_QtControl.cpp)
e:\study\qtcontrolcenter\qtcontrol\include\develop_interface.h : warning C4819: 该文件包含不能在当前代码页(936)中表示的字符。请将该文件保存为 Unicode 格式以防止数据丢失 (编译源文件 GeneratedFiles\Debug\moc_frmcomtool.cpp)
e:\study\qtcontrolcenter\qtcontrol\log\log_deffine.h(12): warning C4091: “typedef ”: 没有声明变量时忽略“EnumLogLevel”的左侧 (编译源文件 GeneratedFiles\Debug\moc_frmcomtool.cpp)
e:\study\qtcontrolcenter\qtcontrol\base\myhelper.h : warning C4819: 该文件包含不能在当前代码页(936)中表示的字符。请将该文件保存为 Unicode 格式以防止数据丢失 (编译源文件 GeneratedFiles\Debug\moc_frmcomtool.cpp)
e:\study\qtcontrolcenter\qtcontrol\include\develop_interface.h : warning C4819: 该文件包含不能在当前代码页(936)中表示的字符。请将该文件保存为 Unicode 格式以防止数据丢失 (编译源文件 NumKeyBoard.cpp)
e:\study\qtcontrolcenter\qtcontrol\log\log_deffine.h(12): warning C4091: “typedef ”: 没有声明变量时忽略“EnumLogLevel”的左侧 (编译源文件 NumKeyBoard.cpp)
e:\study\qtcontrolcenter\qtcontrol\base\myhelper.h : warning C4819: 该文件包含不能在当前代码页(936)中表示的字符。请将该文件保存为 Unicode 格式以防止数据丢失 (编译源文件 NumKeyBoard.cpp)
e:\study\qtcontrolcenter\qtcontrol\base\runtime.h : warning C4819: 该文件包含不能在当前代码页(936)中表示的字符。请将该文件保存为 Unicode 格式以防止数据丢失 (编译源文件 GeneratedFiles\Debug\moc_NumKeyBoard.cpp)
e:\study\qtcontrolcenter\qtcontrol\base\runtime.h : warning C4819: 该文件包含不能在当前代码页(936)中表示的字符。请将该文件保存为 Unicode 格式以防止数据丢失 (编译源文件 GeneratedFiles\Debug\moc_QtControl.cpp)
e:\study\qtcontrolcenter\qtcontrol\base\runtime.h : warning C4819: 该文件包含不能在当前代码页(936)中表示的字符。请将该文件保存为 Unicode 格式以防止数据丢失 (编译源文件 GeneratedFiles\Debug\moc_frmcomtool.cpp)
e:\study\qtcontrolcenter\qtcontrol\base\runtime.h : warning C4819: 该文件包含不能在当前代码页(936)中表示的字符。请将该文件保存为 Unicode 格式以防止数据丢失 (编译源文件 NumKeyBoard.cpp)
  QGetWidget.cpp
  QPortControl.cpp
  QtControl.cpp
  Qtxqm.cpp
e:\study\qtcontrolcenter\qtcontrol\include\develop_interface.h : warning C4819: 该文件包含不能在当前代码页(936)中表示的字符。请将该文件保存为 Unicode 格式以防止数据丢失 (编译源文件 QPortControl.cpp)
e:\study\qtcontrolcenter\qtcontrol\log\log_deffine.h(12): warning C4091: “typedef ”: 没有声明变量时忽略“EnumLogLevel”的左侧 (编译源文件 QPortControl.cpp)
e:\study\qtcontrolcenter\qtcontrol\base\myhelper.h : warning C4819: 该文件包含不能在当前代码页(936)中表示的字符。请将该文件保存为 Unicode 格式以防止数据丢失 (编译源文件 QPortControl.cpp)
e:\study\qtcontrolcenter\qtcontrol\include\develop_interface.h : warning C4819: 该文件包含不能在当前代码页(936)中表示的字符。请将该文件保存为 Unicode 格式以防止数据丢失 (编译源文件 QGetWidget.cpp)
e:\study\qtcontrolcenter\qtcontrol\log\log_deffine.h(12): warning C4091: “typedef ”: 没有声明变量时忽略“EnumLogLevel”的左侧 (编译源文件 QGetWidget.cpp)
e:\study\qtcontrolcenter\qtcontrol\base\myhelper.h : warning C4819: 该文件包含不能在当前代码页(936)中表示的字符。请将该文件保存为 Unicode 格式以防止数据丢失 (编译源文件 QGetWidget.cpp)
e:\study\qtcontrolcenter\qtcontrol\include\develop_interface.h : warning C4819: 该文件包含不能在当前代码页(936)中表示的字符。请将该文件保存为 Unicode 格式以防止数据丢失 (编译源文件 Qtxqm.cpp)
e:\study\qtcontrolcenter\qtcontrol\log\log_deffine.h(12): warning C4091: “typedef ”: 没有声明变量时忽略“EnumLogLevel”的左侧 (编译源文件 Qtxqm.cpp)
e:\study\qtcontrolcenter\qtcontrol\base\myhelper.h : warning C4819: 该文件包含不能在当前代码页(936)中表示的字符。请将该文件保存为 Unicode 格式以防止数据丢失 (编译源文件 Qtxqm.cpp)
e:\study\qtcontrolcenter\qtcontrol\frmcomtool.h : warning C4819: 该文件包含不能在当前代码页(936)中表示的字符。请将该文件保存为 Unicode 格式以防止数据丢失 (编译源文件 QtControl.cpp)
e:\study\qtcontrolcenter\qtcontrol\include\develop_interface.h : warning C4819: 该文件包含不能在当前代码页(936)中表示的字符。请将该文件保存为 Unicode 格式以防止数据丢失 (编译源文件 QtControl.cpp)
e:\study\qtcontrolcenter\qtcontrol\log\log_deffine.h(12): warning C4091: “typedef ”: 没有声明变量时忽略“EnumLogLevel”的左侧 (编译源文件 QtControl.cpp)
e:\study\qtcontrolcenter\qtcontrol\base\myhelper.h : warning C4819: 该文件包含不能在当前代码页(936)中表示的字符。请将该文件保存为 Unicode 格式以防止数据丢失 (编译源文件 QtControl.cpp)
e:\study\qtcontrolcenter\qtcontrol\base\runtime.h : warning C4819: 该文件包含不能在当前代码页(936)中表示的字符。请将该文件保存为 Unicode 格式以防止数据丢失 (编译源文件 QPortControl.cpp)
e:\study\qtcontrolcenter\qtcontrol\base\runtime.h : warning C4819: 该文件包含不能在当前代码页(936)中表示的字符。请将该文件保存为 Unicode 格式以防止数据丢失 (编译源文件 QGetWidget.cpp)
e:\study\qtcontrolcenter\qtcontrol\base\runtime.h : warning C4819: 该文件包含不能在当前代码页(936)中表示的字符。请将该文件保存为 Unicode 格式以防止数据丢失 (编译源文件 QtControl.cpp)
e:\study\qtcontrolcenter\qtcontrol\base\runtime.h : warning C4819: 该文件包含不能在当前代码页(936)中表示的字符。请将该文件保存为 Unicode 格式以防止数据丢失 (编译源文件 Qtxqm.cpp)
e:\study\qtcontrolcenter\qtcontrol\qtxqm.cpp(22): warning C4305: “return”: 从“int”到“bool”截断
  frmcomtool.cpp
e:\study\qtcontrolcenter\qtcontrol\frmcomtool.h : warning C4819: 该文件包含不能在当前代码页(936)中表示的字符。请将该文件保存为 Unicode 格式以防止数据丢失 (编译源文件 frmcomtool.cpp)
  main.cpp
e:\study\qtcontrolcenter\qtcontrol\qtxqm.cpp(27): warning C4715: “Qtxqm::Start_Receive”: 不是所有的控件路径都返回值
e:\study\qtcontrolcenter\qtcontrol\include\develop_interface.h : warning C4819: 该文件包含不能在当前代码页(936)中表示的字符。请将该文件保存为 Unicode 格式以防止数据丢失 (编译源文件 frmcomtool.cpp)
e:\study\qtcontrolcenter\qtcontrol\log\log_deffine.h(12): warning C4091: “typedef ”: 没有声明变量时忽略“EnumLogLevel”的左侧 (编译源文件 frmcomtool.cpp)
e:\study\qtcontrolcenter\qtcontrol\base\myhelper.h : warning C4819: 该文件包含不能在当前代码页(936)中表示的字符。请将该文件保存为 Unicode 格式以防止数据丢失 (编译源文件 frmcomtool.cpp)
e:\study\qtcontrolcenter\qtcontrol\frmcomtool.h : warning C4819: 该文件包含不能在当前代码页(936)中表示的字符。请将该文件保存为 Unicode 格式以防止数据丢失 (编译源文件 main.cpp)
e:\study\qtcontrolcenter\qtcontrol\include\develop_interface.h : warning C4819: 该文件包含不能在当前代码页(936)中表示的字符。请将该文件保存为 Unicode 格式以防止数据丢失 (编译源文件 main.cpp)
e:\study\qtcontrolcenter\qtcontrol\log\log_deffine.h(12): warning C4091: “typedef ”: 没有声明变量时忽略“EnumLogLevel”的左侧 (编译源文件 main.cpp)
e:\study\qtcontrolcenter\qtcontrol\base\myhelper.h : warning C4819: 该文件包含不能在当前代码页(936)中表示的字符。请将该文件保存为 Unicode 格式以防止数据丢失 (编译源文件 main.cpp)
e:\study\qtcontrolcenter\qtcontrol\base\runtime.h : warning C4819: 该文件包含不能在当前代码页(936)中表示的字符。请将该文件保存为 Unicode 格式以防止数据丢失 (编译源文件 frmcomtool.cpp)
e:\study\qtcontrolcenter\qtcontrol\base\myhelper.h : warning C4819: 该文件包含不能在当前代码页(936)中表示的字符。请将该文件保存为 Unicode 格式以防止数据丢失 (编译源文件 frmcomtool.cpp)
e:\study\qtcontrolcenter\qtcontrol\base\runtime.h : warning C4819: 该文件包含不能在当前代码页(936)中表示的字符。请将该文件保存为 Unicode 格式以防止数据丢失 (编译源文件 main.cpp)
  QtControl.vcxproj -> E:\study\QtControlCenter\Win32\Debug\QtControl.exe
