e:\qtcontrol\qtcontrolcenter\qtcontrol\debug\sqlbase.obj
e:\qtcontrol\qtcontrolcenter\qtcontrol\debug\cprogresswidget.obj
e:\qtcontrol\qtcontrolcenter\qtcontrol\debug\moc_frmcomtool.obj
e:\qtcontrol\qtcontrolcenter\qtcontrol\debug\moc_qtcontrol.obj
e:\qtcontrol\qtcontrolcenter\qtcontrol\debug\qextserialport_win.obj
e:\qtcontrol\qtcontrolcenter\qtcontrol\debug\qtcontrol.obj
e:\qtcontrol\qtcontrolcenter\qtcontrol\debug\moc_cserialport.obj
e:\qtcontrol\qtcontrolcenter\qtcontrol\debug\moc_sqlbase.obj
e:\qtcontrol\qtcontrolcenter\qtcontrol\debug\moc_qtxqm.obj
e:\qtcontrol\qtcontrolcenter\qtcontrol\debug\qrc_qtcontrol.obj
e:\qtcontrol\qtcontrolcenter\qtcontrol\debug\qr_encode.obj
e:\qtcontrol\qtcontrolcenter\qtcontrol\debug\cmessage.obj
e:\qtcontrol\qtcontrolcenter\qtcontrol\debug\cserialport.obj
e:\qtcontrol\qtcontrolcenter\qtcontrol\debug\moc_numkeyboard.obj
e:\qtcontrol\qtcontrolcenter\qtcontrol\debug\numkeyboard.obj
e:\qtcontrol\qtcontrolcenter\qtcontrol\debug\serialportsetting.obj
e:\qtcontrol\qtcontrolcenter\qtcontrol\debug\moc_cprogresswidget.obj
e:\qtcontrol\qtcontrolcenter\qtcontrol\debug\moc_keyboard.obj
e:\qtcontrol\qtcontrolcenter\qtcontrol\debug\lock_tool.obj
e:\qtcontrol\qtcontrolcenter\qtcontrol\debug\controlsql.obj
e:\qtcontrol\qtcontrolcenter\qtcontrol\debug\frmcomtool.obj
e:\qtcontrol\qtcontrolcenter\qtcontrol\debug\keyboard.obj
e:\qtcontrol\qtcontrolcenter\qtcontrol\debug\log_deffine.obj
e:\qtcontrol\qtcontrolcenter\qtcontrol\debug\qextserialport.obj
e:\qtcontrol\qtcontrolcenter\qtcontrol\debug\qgetwidget.obj
e:\qtcontrol\qtcontrolcenter\qtcontrol\debug\moc_cmessage.obj
e:\qtcontrol\qtcontrolcenter\qtcontrol\debug\moc_controlsql.obj
e:\qtcontrol\qtcontrolcenter\qtcontrol\debug\runtime.obj
e:\qtcontrol\qtcontrolcenter\qtcontrol\debug\cqrwidget.obj
e:\qtcontrol\qtcontrolcenter\qtcontrol\debug\logger.obj
e:\qtcontrol\qtcontrolcenter\qtcontrol\debug\logmanager.obj
e:\qtcontrol\qtcontrolcenter\qtcontrol\debug\main.obj
e:\qtcontrol\qtcontrolcenter\qtcontrol\debug\qtxqm.obj
e:\qtcontrol\qtcontrolcenter\qtcontrol\debug\moc_cqrwidget.obj
e:\qtcontrol\qtcontrolcenter\qtcontrol\debug\moc_qgetwidget.obj
e:\qtcontrol\qtcontrolcenter\qtcontrol\debug\vc141.pdb
e:\qtcontrol\qtcontrolcenter\qtcontrol\debug\qextserialenumerator.obj
e:\qtcontrol\qtcontrolcenter\qtcontrol\debug\moc_qextserialbase.obj
e:\qtcontrol\qtcontrolcenter\qtcontrol\debug\qextserialbase.obj
e:\qtcontrol\qtcontrolcenter\qtcontrol\debug\moc_win_qextserialport.obj
e:\qtcontrol\qtcontrolcenter\qtcontrol\debug\win_qextserialport.obj
e:\qtcontrol\qtcontrolcenter\qtcontrol\debug\moc_qextserialport.obj
e:\qtcontrol\qtcontrolcenter\win32\debug\qtcontrol.ilk
e:\qtcontrol\qtcontrolcenter\win32\debug\qtcontrol.exe
e:\qtcontrol\qtcontrolcenter\win32\debug\qtcontrol.pdb
e:\qtcontrol\qtcontrolcenter\qtcontrol\generatedfiles\debug\moc_qtcontrol.cpp
e:\qtcontrol\qtcontrolcenter\qtcontrol\generatedfiles\debug\moc_cmessage.cpp
e:\qtcontrol\qtcontrolcenter\qtcontrol\generatedfiles\debug\moc_cqrwidget.cpp
e:\qtcontrol\qtcontrolcenter\qtcontrol\generatedfiles\debug\moc_cprogresswidget.cpp
e:\qtcontrol\qtcontrolcenter\qtcontrol\generatedfiles\debug\moc_cserialport.cpp
e:\qtcontrol\qtcontrolcenter\qtcontrol\generatedfiles\debug\moc_sqlbase.cpp
e:\qtcontrol\qtcontrolcenter\qtcontrol\generatedfiles\debug\moc_controlsql.cpp
e:\qtcontrol\qtcontrolcenter\qtcontrol\generatedfiles\debug\moc_frmcomtool.cpp
e:\qtcontrol\qtcontrolcenter\qtcontrol\generatedfiles\debug\moc_numkeyboard.cpp
e:\qtcontrol\qtcontrolcenter\qtcontrol\generatedfiles\debug\moc_qtxqm.cpp
e:\qtcontrol\qtcontrolcenter\qtcontrol\generatedfiles\debug\moc_qgetwidget.cpp
e:\qtcontrol\qtcontrolcenter\qtcontrol\generatedfiles\debug\moc_qextserialport.cpp
e:\qtcontrol\qtcontrolcenter\qtcontrol\generatedfiles\debug\moc_keyboard.cpp
e:\qtcontrol\qtcontrolcenter\qtcontrol\generatedfiles\qrc_qtcontrol.cpp
e:\qtcontrol\qtcontrolcenter\qtcontrol\generatedfiles\ui_cmessage.h
e:\qtcontrol\qtcontrolcenter\qtcontrol\generatedfiles\ui_cprogresswidget.h
e:\qtcontrol\qtcontrolcenter\qtcontrol\generatedfiles\ui_cqrwidget.h
e:\qtcontrol\qtcontrolcenter\qtcontrol\generatedfiles\ui_frmcomtool.h
e:\qtcontrol\qtcontrolcenter\qtcontrol\generatedfiles\ui_keyboard.h
e:\qtcontrol\qtcontrolcenter\qtcontrol\generatedfiles\ui_numkeyboard.h
e:\qtcontrol\qtcontrolcenter\qtcontrol\generatedfiles\ui_qgetwidget.h
e:\qtcontrol\qtcontrolcenter\qtcontrol\generatedfiles\ui_qtcontrol.h
e:\qtcontrol\qtcontrolcenter\qtcontrol\generatedfiles\ui_serialportsetting.h
e:\qtcontrol\qtcontrolcenter\qtcontrol\generatedfiles\debug\moc_qextserialbase.cpp
e:\qtcontrol\qtcontrolcenter\qtcontrol\generatedfiles\debug\moc_win_qextserialport.cpp
e:\qtcontrol\qtcontrolcenter\qtcontrol\debug\qtcontrol.res
e:\qtcontrol\qtcontrolcenter\qtcontrol\debug\qtcontrol.tlog\cl.command.1.tlog
e:\qtcontrol\qtcontrolcenter\qtcontrol\debug\qtcontrol.tlog\cl.read.1.tlog
e:\qtcontrol\qtcontrolcenter\qtcontrol\debug\qtcontrol.tlog\cl.write.1.tlog
e:\qtcontrol\qtcontrolcenter\qtcontrol\debug\qtcontrol.tlog\link.command.1.tlog
e:\qtcontrol\qtcontrolcenter\qtcontrol\debug\qtcontrol.tlog\link.read.1.tlog
e:\qtcontrol\qtcontrolcenter\qtcontrol\debug\qtcontrol.tlog\link.write.1.tlog
e:\qtcontrol\qtcontrolcenter\qtcontrol\debug\qtcontrol.tlog\qtcontrol.write.1u.tlog
e:\qtcontrol\qtcontrolcenter\qtcontrol\debug\qtcontrol.tlog\rc.command.1.tlog
e:\qtcontrol\qtcontrolcenter\qtcontrol\debug\qtcontrol.tlog\rc.read.1.tlog
e:\qtcontrol\qtcontrolcenter\qtcontrol\debug\qtcontrol.tlog\rc.write.1.tlog
