C:\Program Files (x86)\Microsoft Visual Studio\2017\Community\Common7\IDE\VC\VCTargets\Microsoft.CppBuild.targets(944,5): warning MSB8027: 名为 moc_KeyBoard.cpp 的两个或更多文件将生成到同一位置的输出。这会导致错误的生成结果。   调用的文件是 GeneratedFiles\Debug\moc_KeyBoard.cpp, GeneratedFiles\Release\moc_KeyBoard.cpp, .\GeneratedFiles\Release\moc_KeyBoard.cpp。
C:\Program Files (x86)\Microsoft Visual Studio\2017\Community\Common7\IDE\VC\VCTargets\Microsoft.CppBuild.targets(944,5): warning MSB8027: 名为 qrc_QtControl.cpp 的两个或更多文件将生成到同一位置的输出。这会导致错误的生成结果。   调用的文件是 GeneratedFiles\qrc_QtControl.cpp, .\GeneratedFiles\qrc_QtControl.cpp。
C:\Program Files (x86)\Microsoft Visual Studio\2017\Community\Common7\IDE\VC\VCTargets\Microsoft.CppBuild.targets(944,5): warning MSB8027: 名为 moc_frmcomtool.cpp 的两个或更多文件将生成到同一位置的输出。这会导致错误的生成结果。   调用的文件是 GeneratedFiles\Release\moc_frmcomtool.cpp, .\GeneratedFiles\Release\moc_frmcomtool.cpp。
C:\Program Files (x86)\Microsoft Visual Studio\2017\Community\Common7\IDE\VC\VCTargets\Microsoft.CppBuild.targets(944,5): warning MSB8027: 名为 moc_NumKeyBoard.cpp 的两个或更多文件将生成到同一位置的输出。这会导致错误的生成结果。   调用的文件是 GeneratedFiles\Release\moc_NumKeyBoard.cpp, .\GeneratedFiles\Release\moc_NumKeyBoard.cpp。
C:\Program Files (x86)\Microsoft Visual Studio\2017\Community\Common7\IDE\VC\VCTargets\Microsoft.CppBuild.targets(944,5): warning MSB8027: 名为 moc_QtControl.cpp 的两个或更多文件将生成到同一位置的输出。这会导致错误的生成结果。   调用的文件是 GeneratedFiles\Release\moc_QtControl.cpp, .\GeneratedFiles\Release\moc_QtControl.cpp。
  Lock_Tool.cpp
  QR_Encode.cpp
  RunTime.cpp
  SQLBase.cpp
e:\study\qtcontrolcenter\qtcontrol\base\runtime.h : warning C4819: 该文件包含不能在当前代码页(936)中表示的字符。请将该文件保存为 Unicode 格式以防止数据丢失 (编译源文件 Base\RunTime.cpp)
e:\study\qtcontrolcenter\qtcontrol\base\myhelper.h : warning C4819: 该文件包含不能在当前代码页(936)中表示的字符。请将该文件保存为 Unicode 格式以防止数据丢失 (编译源文件 Base\RunTime.cpp)
e:\study\qtcontrolcenter\qtcontrol\log\log_deffine.h(12): warning C4091: “typedef ”: 没有声明变量时忽略“EnumLogLevel”的左侧 (编译源文件 Base\SQLBase.cpp)
  CMessage.cpp
  ConfigWidget.cpp
  ControlSql.cpp
e:\study\qtcontrolcenter\qtcontrol\include\develop_interface.h : warning C4819: 该文件包含不能在当前代码页(936)中表示的字符。请将该文件保存为 Unicode 格式以防止数据丢失 (编译源文件 CMessage.cpp)
e:\study\qtcontrolcenter\qtcontrol\log\log_deffine.h(12): warning C4091: “typedef ”: 没有声明变量时忽略“EnumLogLevel”的左侧 (编译源文件 CMessage.cpp)
e:\study\qtcontrolcenter\qtcontrol\base\myhelper.h : warning C4819: 该文件包含不能在当前代码页(936)中表示的字符。请将该文件保存为 Unicode 格式以防止数据丢失 (编译源文件 CMessage.cpp)
e:\study\qtcontrolcenter\qtcontrol\log\log_deffine.h(12): warning C4091: “typedef ”: 没有声明变量时忽略“EnumLogLevel”的左侧 (编译源文件 ControlSql.cpp)
e:\study\qtcontrolcenter\qtcontrol\frmcomtool.h : warning C4819: 该文件包含不能在当前代码页(936)中表示的字符。请将该文件保存为 Unicode 格式以防止数据丢失 (编译源文件 ConfigWidget.cpp)
e:\study\qtcontrolcenter\qtcontrol\include\develop_interface.h : warning C4819: 该文件包含不能在当前代码页(936)中表示的字符。请将该文件保存为 Unicode 格式以防止数据丢失 (编译源文件 ConfigWidget.cpp)
e:\study\qtcontrolcenter\qtcontrol\log\log_deffine.h(12): warning C4091: “typedef ”: 没有声明变量时忽略“EnumLogLevel”的左侧 (编译源文件 ConfigWidget.cpp)
e:\study\qtcontrolcenter\qtcontrol\base\myhelper.h : warning C4819: 该文件包含不能在当前代码页(936)中表示的字符。请将该文件保存为 Unicode 格式以防止数据丢失 (编译源文件 ConfigWidget.cpp)
e:\study\qtcontrolcenter\qtcontrol\include\develop_interface.h : warning C4819: 该文件包含不能在当前代码页(936)中表示的字符。请将该文件保存为 Unicode 格式以防止数据丢失 (编译源文件 ControlSql.cpp)
e:\study\qtcontrolcenter\qtcontrol\base\myhelper.h : warning C4819: 该文件包含不能在当前代码页(936)中表示的字符。请将该文件保存为 Unicode 格式以防止数据丢失 (编译源文件 ControlSql.cpp)
  CProgressWidget.cpp
e:\study\qtcontrolcenter\qtcontrol\base\runtime.h : warning C4819: 该文件包含不能在当前代码页(936)中表示的字符。请将该文件保存为 Unicode 格式以防止数据丢失 (编译源文件 CMessage.cpp)
e:\study\qtcontrolcenter\qtcontrol\base\runtime.h : warning C4819: 该文件包含不能在当前代码页(936)中表示的字符。请将该文件保存为 Unicode 格式以防止数据丢失 (编译源文件 ConfigWidget.cpp)
  CQRWidget.cpp
e:\study\qtcontrolcenter\qtcontrol\base\runtime.h : warning C4819: 该文件包含不能在当前代码页(936)中表示的字符。请将该文件保存为 Unicode 格式以防止数据丢失 (编译源文件 ControlSql.cpp)
e:\study\qtcontrolcenter\qtcontrol\include\develop_interface.h : warning C4819: 该文件包含不能在当前代码页(936)中表示的字符。请将该文件保存为 Unicode 格式以防止数据丢失 (编译源文件 CProgressWidget.cpp)
e:\study\qtcontrolcenter\qtcontrol\log\log_deffine.h(12): warning C4091: “typedef ”: 没有声明变量时忽略“EnumLogLevel”的左侧 (编译源文件 CProgressWidget.cpp)
e:\study\qtcontrolcenter\qtcontrol\base\myhelper.h : warning C4819: 该文件包含不能在当前代码页(936)中表示的字符。请将该文件保存为 Unicode 格式以防止数据丢失 (编译源文件 CProgressWidget.cpp)
  CSerialPort.cpp
  frmcomtool.cpp
e:\study\qtcontrolcenter\qtcontrol\frmcomtool.h : warning C4819: 该文件包含不能在当前代码页(936)中表示的字符。请将该文件保存为 Unicode 格式以防止数据丢失 (编译源文件 frmcomtool.cpp)
e:\study\qtcontrolcenter\qtcontrol\include\develop_interface.h : warning C4819: 该文件包含不能在当前代码页(936)中表示的字符。请将该文件保存为 Unicode 格式以防止数据丢失 (编译源文件 CQRWidget.cpp)
e:\study\qtcontrolcenter\qtcontrol\log\log_deffine.h(12): warning C4091: “typedef ”: 没有声明变量时忽略“EnumLogLevel”的左侧 (编译源文件 CQRWidget.cpp)
e:\study\qtcontrolcenter\qtcontrol\base\myhelper.h : warning C4819: 该文件包含不能在当前代码页(936)中表示的字符。请将该文件保存为 Unicode 格式以防止数据丢失 (编译源文件 CQRWidget.cpp)
e:\study\qtcontrolcenter\qtcontrol\include\develop_interface.h : warning C4819: 该文件包含不能在当前代码页(936)中表示的字符。请将该文件保存为 Unicode 格式以防止数据丢失 (编译源文件 CSerialPort.cpp)
e:\study\qtcontrolcenter\qtcontrol\log\log_deffine.h(12): warning C4091: “typedef ”: 没有声明变量时忽略“EnumLogLevel”的左侧 (编译源文件 CSerialPort.cpp)
e:\study\qtcontrolcenter\qtcontrol\base\myhelper.h : warning C4819: 该文件包含不能在当前代码页(936)中表示的字符。请将该文件保存为 Unicode 格式以防止数据丢失 (编译源文件 CSerialPort.cpp)
e:\study\qtcontrolcenter\qtcontrol\base\runtime.h : warning C4819: 该文件包含不能在当前代码页(936)中表示的字符。请将该文件保存为 Unicode 格式以防止数据丢失 (编译源文件 CProgressWidget.cpp)
e:\study\qtcontrolcenter\qtcontrol\include\develop_interface.h : warning C4819: 该文件包含不能在当前代码页(936)中表示的字符。请将该文件保存为 Unicode 格式以防止数据丢失 (编译源文件 frmcomtool.cpp)
e:\study\qtcontrolcenter\qtcontrol\log\log_deffine.h(12): warning C4091: “typedef ”: 没有声明变量时忽略“EnumLogLevel”的左侧 (编译源文件 frmcomtool.cpp)
e:\study\qtcontrolcenter\qtcontrol\base\myhelper.h : warning C4819: 该文件包含不能在当前代码页(936)中表示的字符。请将该文件保存为 Unicode 格式以防止数据丢失 (编译源文件 frmcomtool.cpp)
  moc_KeyBoard.cpp
e:\study\qtcontrolcenter\qtcontrol\base\runtime.h : warning C4819: 该文件包含不能在当前代码页(936)中表示的字符。请将该文件保存为 Unicode 格式以防止数据丢失 (编译源文件 CQRWidget.cpp)
e:\study\qtcontrolcenter\qtcontrol\base\runtime.h : warning C4819: 该文件包含不能在当前代码页(936)中表示的字符。请将该文件保存为 Unicode 格式以防止数据丢失 (编译源文件 CSerialPort.cpp)
e:\study\qtcontrolcenter\qtcontrol\base\myhelper.h : warning C4819: 该文件包含不能在当前代码页(936)中表示的字符。请将该文件保存为 Unicode 格式以防止数据丢失 (编译源文件 CSerialPort.cpp)
  moc_frmcomtool.cpp
e:\study\qtcontrolcenter\qtcontrol\frmcomtool.h : warning C4819: 该文件包含不能在当前代码页(936)中表示的字符。请将该文件保存为 Unicode 格式以防止数据丢失 (编译源文件 GeneratedFiles\Release\moc_frmcomtool.cpp)
e:\study\qtcontrolcenter\qtcontrol\base\runtime.h : warning C4819: 该文件包含不能在当前代码页(936)中表示的字符。请将该文件保存为 Unicode 格式以防止数据丢失 (编译源文件 frmcomtool.cpp)
e:\study\qtcontrolcenter\qtcontrol\base\myhelper.h : warning C4819: 该文件包含不能在当前代码页(936)中表示的字符。请将该文件保存为 Unicode 格式以防止数据丢失 (编译源文件 frmcomtool.cpp)
  moc_KeyBoard.cpp
  moc_NumKeyBoard.cpp
  moc_QtControl.cpp
e:\study\qtcontrolcenter\qtcontrol\include\develop_interface.h : warning C4819: 该文件包含不能在当前代码页(936)中表示的字符。请将该文件保存为 Unicode 格式以防止数据丢失 (编译源文件 GeneratedFiles\Release\moc_frmcomtool.cpp)
e:\study\qtcontrolcenter\qtcontrol\log\log_deffine.h(12): warning C4091: “typedef ”: 没有声明变量时忽略“EnumLogLevel”的左侧 (编译源文件 GeneratedFiles\Release\moc_frmcomtool.cpp)
e:\study\qtcontrolcenter\qtcontrol\base\myhelper.h : warning C4819: 该文件包含不能在当前代码页(936)中表示的字符。请将该文件保存为 Unicode 格式以防止数据丢失 (编译源文件 GeneratedFiles\Release\moc_frmcomtool.cpp)
  KeyBoard.cpp
e:\study\qtcontrolcenter\qtcontrol\keyboard.cpp : warning C4819: 该文件包含不能在当前代码页(936)中表示的字符。请将该文件保存为 Unicode 格式以防止数据丢失
e:\study\qtcontrolcenter\qtcontrol\include\develop_interface.h : warning C4819: 该文件包含不能在当前代码页(936)中表示的字符。请将该文件保存为 Unicode 格式以防止数据丢失 (编译源文件 GeneratedFiles\Release\moc_NumKeyBoard.cpp)
e:\study\qtcontrolcenter\qtcontrol\log\log_deffine.h(12): warning C4091: “typedef ”: 没有声明变量时忽略“EnumLogLevel”的左侧 (编译源文件 GeneratedFiles\Release\moc_NumKeyBoard.cpp)
e:\study\qtcontrolcenter\qtcontrol\base\myhelper.h : warning C4819: 该文件包含不能在当前代码页(936)中表示的字符。请将该文件保存为 Unicode 格式以防止数据丢失 (编译源文件 GeneratedFiles\Release\moc_NumKeyBoard.cpp)
e:\study\qtcontrolcenter\qtcontrol\frmcomtool.h : warning C4819: 该文件包含不能在当前代码页(936)中表示的字符。请将该文件保存为 Unicode 格式以防止数据丢失 (编译源文件 GeneratedFiles\Release\moc_QtControl.cpp)
e:\study\qtcontrolcenter\qtcontrol\include\develop_interface.h : warning C4819: 该文件包含不能在当前代码页(936)中表示的字符。请将该文件保存为 Unicode 格式以防止数据丢失 (编译源文件 GeneratedFiles\Release\moc_QtControl.cpp)
e:\study\qtcontrolcenter\qtcontrol\log\log_deffine.h(12): warning C4091: “typedef ”: 没有声明变量时忽略“EnumLogLevel”的左侧 (编译源文件 GeneratedFiles\Release\moc_QtControl.cpp)
e:\study\qtcontrolcenter\qtcontrol\base\myhelper.h : warning C4819: 该文件包含不能在当前代码页(936)中表示的字符。请将该文件保存为 Unicode 格式以防止数据丢失 (编译源文件 GeneratedFiles\Release\moc_QtControl.cpp)
e:\study\qtcontrolcenter\qtcontrol\base\runtime.h : warning C4819: 该文件包含不能在当前代码页(936)中表示的字符。请将该文件保存为 Unicode 格式以防止数据丢失 (编译源文件 GeneratedFiles\Release\moc_frmcomtool.cpp)
e:\study\qtcontrolcenter\qtcontrol\base\runtime.h : warning C4819: 该文件包含不能在当前代码页(936)中表示的字符。请将该文件保存为 Unicode 格式以防止数据丢失 (编译源文件 GeneratedFiles\Release\moc_NumKeyBoard.cpp)
  Logger.cpp
e:\study\qtcontrolcenter\qtcontrol\log\logger.cpp : warning C4819: 该文件包含不能在当前代码页(936)中表示的字符。请将该文件保存为 Unicode 格式以防止数据丢失
  LogManager.cpp
e:\study\qtcontrolcenter\qtcontrol\log\log_deffine.h(12): warning C4091: “typedef ”: 没有声明变量时忽略“EnumLogLevel”的左侧 (编译源文件 log\Logger.cpp)
e:\study\qtcontrolcenter\qtcontrol\base\runtime.h : warning C4819: 该文件包含不能在当前代码页(936)中表示的字符。请将该文件保存为 Unicode 格式以防止数据丢失 (编译源文件 GeneratedFiles\Release\moc_QtControl.cpp)
e:\study\qtcontrolcenter\qtcontrol\log\log_deffine.h(12): warning C4091: “typedef ”: 没有声明变量时忽略“EnumLogLevel”的左侧 (编译源文件 log\LogManager.cpp)
  log_deffine.cpp
e:\study\qtcontrolcenter\qtcontrol\log\log_deffine.h(12): warning C4091: “typedef ”: 没有声明变量时忽略“EnumLogLevel”的左侧 (编译源文件 log\log_deffine.cpp)
  main.cpp
  NumKeyBoard.cpp
  qextserialbase.cpp
  qextserialenumerator.cpp
e:\study\qtcontrolcenter\qtcontrol\include\develop_interface.h : warning C4819: 该文件包含不能在当前代码页(936)中表示的字符。请将该文件保存为 Unicode 格式以防止数据丢失 (编译源文件 main.cpp)
e:\study\qtcontrolcenter\qtcontrol\log\log_deffine.h(12): warning C4091: “typedef ”: 没有声明变量时忽略“EnumLogLevel”的左侧 (编译源文件 main.cpp)
e:\study\qtcontrolcenter\qtcontrol\base\myhelper.h : warning C4819: 该文件包含不能在当前代码页(936)中表示的字符。请将该文件保存为 Unicode 格式以防止数据丢失 (编译源文件 main.cpp)
  qextserialport.cpp
e:\study\qtcontrolcenter\qtcontrol\include\develop_interface.h : warning C4819: 该文件包含不能在当前代码页(936)中表示的字符。请将该文件保存为 Unicode 格式以防止数据丢失 (编译源文件 NumKeyBoard.cpp)
e:\study\qtcontrolcenter\qtcontrol\log\log_deffine.h(12): warning C4091: “typedef ”: 没有声明变量时忽略“EnumLogLevel”的左侧 (编译源文件 NumKeyBoard.cpp)
e:\study\qtcontrolcenter\qtcontrol\base\myhelper.h : warning C4819: 该文件包含不能在当前代码页(936)中表示的字符。请将该文件保存为 Unicode 格式以防止数据丢失 (编译源文件 NumKeyBoard.cpp)
  win_qextserialport.cpp
e:\study\qtcontrolcenter\qtcontrol\base\runtime.h : warning C4819: 该文件包含不能在当前代码页(936)中表示的字符。请将该文件保存为 Unicode 格式以防止数据丢失 (编译源文件 main.cpp)
e:\study\qtcontrolcenter\qtcontrol\frmcomtool.h : warning C4819: 该文件包含不能在当前代码页(936)中表示的字符。请将该文件保存为 Unicode 格式以防止数据丢失 (编译源文件 main.cpp)
e:\study\qtcontrolcenter\qtcontrol\base\runtime.h : warning C4819: 该文件包含不能在当前代码页(936)中表示的字符。请将该文件保存为 Unicode 格式以防止数据丢失 (编译源文件 NumKeyBoard.cpp)
  QGetWidget.cpp
  QMoveControl.cpp
  QPortControl.cpp
  QtControl.cpp
e:\study\qtcontrolcenter\qtcontrol\include\develop_interface.h : warning C4819: 该文件包含不能在当前代码页(936)中表示的字符。请将该文件保存为 Unicode 格式以防止数据丢失 (编译源文件 QGetWidget.cpp)
e:\study\qtcontrolcenter\qtcontrol\log\log_deffine.h(12): warning C4091: “typedef ”: 没有声明变量时忽略“EnumLogLevel”的左侧 (编译源文件 QGetWidget.cpp)
e:\study\qtcontrolcenter\qtcontrol\base\myhelper.h : warning C4819: 该文件包含不能在当前代码页(936)中表示的字符。请将该文件保存为 Unicode 格式以防止数据丢失 (编译源文件 QGetWidget.cpp)
e:\study\qtcontrolcenter\qtcontrol\include\develop_interface.h : warning C4819: 该文件包含不能在当前代码页(936)中表示的字符。请将该文件保存为 Unicode 格式以防止数据丢失 (编译源文件 QMoveControl.cpp)
e:\study\qtcontrolcenter\qtcontrol\log\log_deffine.h(12): warning C4091: “typedef ”: 没有声明变量时忽略“EnumLogLevel”的左侧 (编译源文件 QMoveControl.cpp)
e:\study\qtcontrolcenter\qtcontrol\base\myhelper.h : warning C4819: 该文件包含不能在当前代码页(936)中表示的字符。请将该文件保存为 Unicode 格式以防止数据丢失 (编译源文件 QMoveControl.cpp)
e:\study\qtcontrolcenter\qtcontrol\include\develop_interface.h : warning C4819: 该文件包含不能在当前代码页(936)中表示的字符。请将该文件保存为 Unicode 格式以防止数据丢失 (编译源文件 QPortControl.cpp)
e:\study\qtcontrolcenter\qtcontrol\log\log_deffine.h(12): warning C4091: “typedef ”: 没有声明变量时忽略“EnumLogLevel”的左侧 (编译源文件 QPortControl.cpp)
e:\study\qtcontrolcenter\qtcontrol\base\myhelper.h : warning C4819: 该文件包含不能在当前代码页(936)中表示的字符。请将该文件保存为 Unicode 格式以防止数据丢失 (编译源文件 QPortControl.cpp)
e:\study\qtcontrolcenter\qtcontrol\frmcomtool.h : warning C4819: 该文件包含不能在当前代码页(936)中表示的字符。请将该文件保存为 Unicode 格式以防止数据丢失 (编译源文件 QtControl.cpp)
e:\study\qtcontrolcenter\qtcontrol\include\develop_interface.h : warning C4819: 该文件包含不能在当前代码页(936)中表示的字符。请将该文件保存为 Unicode 格式以防止数据丢失 (编译源文件 QtControl.cpp)
e:\study\qtcontrolcenter\qtcontrol\log\log_deffine.h(12): warning C4091: “typedef ”: 没有声明变量时忽略“EnumLogLevel”的左侧 (编译源文件 QtControl.cpp)
e:\study\qtcontrolcenter\qtcontrol\base\myhelper.h : warning C4819: 该文件包含不能在当前代码页(936)中表示的字符。请将该文件保存为 Unicode 格式以防止数据丢失 (编译源文件 QtControl.cpp)
e:\study\qtcontrolcenter\qtcontrol\base\runtime.h : warning C4819: 该文件包含不能在当前代码页(936)中表示的字符。请将该文件保存为 Unicode 格式以防止数据丢失 (编译源文件 QGetWidget.cpp)
e:\study\qtcontrolcenter\qtcontrol\base\runtime.h : warning C4819: 该文件包含不能在当前代码页(936)中表示的字符。请将该文件保存为 Unicode 格式以防止数据丢失 (编译源文件 QMoveControl.cpp)
e:\study\qtcontrolcenter\qtcontrol\base\runtime.h : warning C4819: 该文件包含不能在当前代码页(936)中表示的字符。请将该文件保存为 Unicode 格式以防止数据丢失 (编译源文件 QPortControl.cpp)
  QtGuiClass.cpp
e:\study\qtcontrolcenter\qtcontrol\base\runtime.h : warning C4819: 该文件包含不能在当前代码页(936)中表示的字符。请将该文件保存为 Unicode 格式以防止数据丢失 (编译源文件 QtControl.cpp)
  Qtxqm.cpp
  SerialPortSetting.cpp
  moc_QtControl.cpp
e:\study\qtcontrolcenter\qtcontrol\include\develop_interface.h : warning C4819: 该文件包含不能在当前代码页(936)中表示的字符。请将该文件保存为 Unicode 格式以防止数据丢失 (编译源文件 Qtxqm.cpp)
e:\study\qtcontrolcenter\qtcontrol\log\log_deffine.h(12): warning C4091: “typedef ”: 没有声明变量时忽略“EnumLogLevel”的左侧 (编译源文件 Qtxqm.cpp)
e:\study\qtcontrolcenter\qtcontrol\base\myhelper.h : warning C4819: 该文件包含不能在当前代码页(936)中表示的字符。请将该文件保存为 Unicode 格式以防止数据丢失 (编译源文件 Qtxqm.cpp)
e:\study\qtcontrolcenter\qtcontrol\include\develop_interface.h : warning C4819: 该文件包含不能在当前代码页(936)中表示的字符。请将该文件保存为 Unicode 格式以防止数据丢失 (编译源文件 QtGuiClass.cpp)
e:\study\qtcontrolcenter\qtcontrol\log\log_deffine.h(12): warning C4091: “typedef ”: 没有声明变量时忽略“EnumLogLevel”的左侧 (编译源文件 QtGuiClass.cpp)
e:\study\qtcontrolcenter\qtcontrol\base\myhelper.h : warning C4819: 该文件包含不能在当前代码页(936)中表示的字符。请将该文件保存为 Unicode 格式以防止数据丢失 (编译源文件 QtGuiClass.cpp)
  moc_CMessage.cpp
e:\study\qtcontrolcenter\qtcontrol\frmcomtool.h : warning C4819: 该文件包含不能在当前代码页(936)中表示的字符。请将该文件保存为 Unicode 格式以防止数据丢失 (编译源文件 .\GeneratedFiles\Release\moc_QtControl.cpp)
e:\study\qtcontrolcenter\qtcontrol\include\develop_interface.h : warning C4819: 该文件包含不能在当前代码页(936)中表示的字符。请将该文件保存为 Unicode 格式以防止数据丢失 (编译源文件 .\GeneratedFiles\Release\moc_QtControl.cpp)
e:\study\qtcontrolcenter\qtcontrol\log\log_deffine.h(12): warning C4091: “typedef ”: 没有声明变量时忽略“EnumLogLevel”的左侧 (编译源文件 .\GeneratedFiles\Release\moc_QtControl.cpp)
e:\study\qtcontrolcenter\qtcontrol\base\myhelper.h : warning C4819: 该文件包含不能在当前代码页(936)中表示的字符。请将该文件保存为 Unicode 格式以防止数据丢失 (编译源文件 .\GeneratedFiles\Release\moc_QtControl.cpp)
e:\study\qtcontrolcenter\qtcontrol\include\develop_interface.h : warning C4819: 该文件包含不能在当前代码页(936)中表示的字符。请将该文件保存为 Unicode 格式以防止数据丢失 (编译源文件 .\GeneratedFiles\Release\moc_CMessage.cpp)
e:\study\qtcontrolcenter\qtcontrol\log\log_deffine.h(12): warning C4091: “typedef ”: 没有声明变量时忽略“EnumLogLevel”的左侧 (编译源文件 .\GeneratedFiles\Release\moc_CMessage.cpp)
e:\study\qtcontrolcenter\qtcontrol\base\myhelper.h : warning C4819: 该文件包含不能在当前代码页(936)中表示的字符。请将该文件保存为 Unicode 格式以防止数据丢失 (编译源文件 .\GeneratedFiles\Release\moc_CMessage.cpp)
e:\study\qtcontrolcenter\qtcontrol\base\runtime.h : warning C4819: 该文件包含不能在当前代码页(936)中表示的字符。请将该文件保存为 Unicode 格式以防止数据丢失 (编译源文件 QtGuiClass.cpp)
e:\study\qtcontrolcenter\qtcontrol\base\runtime.h : warning C4819: 该文件包含不能在当前代码页(936)中表示的字符。请将该文件保存为 Unicode 格式以防止数据丢失 (编译源文件 Qtxqm.cpp)
e:\study\qtcontrolcenter\qtcontrol\qtxqm.cpp(22): warning C4305: “return”: 从“int”到“bool”截断
e:\study\qtcontrolcenter\qtcontrol\base\runtime.h : warning C4819: 该文件包含不能在当前代码页(936)中表示的字符。请将该文件保存为 Unicode 格式以防止数据丢失 (编译源文件 .\GeneratedFiles\Release\moc_QtControl.cpp)
  moc_CQRWidget.cpp
e:\study\qtcontrolcenter\qtcontrol\qtxqm.cpp(27): warning C4715: “Qtxqm::Start_Receive”: 不是所有的控件路径都返回值
  moc_CProgressWidget.cpp
e:\study\qtcontrolcenter\qtcontrol\base\runtime.h : warning C4819: 该文件包含不能在当前代码页(936)中表示的字符。请将该文件保存为 Unicode 格式以防止数据丢失 (编译源文件 .\GeneratedFiles\Release\moc_CMessage.cpp)
  moc_CSerialPort.cpp
e:\study\qtcontrolcenter\qtcontrol\include\develop_interface.h : warning C4819: 该文件包含不能在当前代码页(936)中表示的字符。请将该文件保存为 Unicode 格式以防止数据丢失 (编译源文件 .\GeneratedFiles\Release\moc_CQRWidget.cpp)
e:\study\qtcontrolcenter\qtcontrol\log\log_deffine.h(12): warning C4091: “typedef ”: 没有声明变量时忽略“EnumLogLevel”的左侧 (编译源文件 .\GeneratedFiles\Release\moc_CQRWidget.cpp)
e:\study\qtcontrolcenter\qtcontrol\base\myhelper.h : warning C4819: 该文件包含不能在当前代码页(936)中表示的字符。请将该文件保存为 Unicode 格式以防止数据丢失 (编译源文件 .\GeneratedFiles\Release\moc_CQRWidget.cpp)
  moc_SQLBase.cpp
e:\study\qtcontrolcenter\qtcontrol\include\develop_interface.h : warning C4819: 该文件包含不能在当前代码页(936)中表示的字符。请将该文件保存为 Unicode 格式以防止数据丢失 (编译源文件 .\GeneratedFiles\Release\moc_CSerialPort.cpp)
e:\study\qtcontrolcenter\qtcontrol\log\log_deffine.h(12): warning C4091: “typedef ”: 没有声明变量时忽略“EnumLogLevel”的左侧 (编译源文件 .\GeneratedFiles\Release\moc_CSerialPort.cpp)
e:\study\qtcontrolcenter\qtcontrol\base\myhelper.h : warning C4819: 该文件包含不能在当前代码页(936)中表示的字符。请将该文件保存为 Unicode 格式以防止数据丢失 (编译源文件 .\GeneratedFiles\Release\moc_CSerialPort.cpp)
e:\study\qtcontrolcenter\qtcontrol\include\develop_interface.h : warning C4819: 该文件包含不能在当前代码页(936)中表示的字符。请将该文件保存为 Unicode 格式以防止数据丢失 (编译源文件 .\GeneratedFiles\Release\moc_CProgressWidget.cpp)
e:\study\qtcontrolcenter\qtcontrol\log\log_deffine.h(12): warning C4091: “typedef ”: 没有声明变量时忽略“EnumLogLevel”的左侧 (编译源文件 .\GeneratedFiles\Release\moc_CProgressWidget.cpp)
e:\study\qtcontrolcenter\qtcontrol\base\myhelper.h : warning C4819: 该文件包含不能在当前代码页(936)中表示的字符。请将该文件保存为 Unicode 格式以防止数据丢失 (编译源文件 .\GeneratedFiles\Release\moc_CProgressWidget.cpp)
e:\study\qtcontrolcenter\qtcontrol\log\log_deffine.h(12): warning C4091: “typedef ”: 没有声明变量时忽略“EnumLogLevel”的左侧 (编译源文件 .\GeneratedFiles\Release\moc_SQLBase.cpp)
e:\study\qtcontrolcenter\qtcontrol\base\runtime.h : warning C4819: 该文件包含不能在当前代码页(936)中表示的字符。请将该文件保存为 Unicode 格式以防止数据丢失 (编译源文件 .\GeneratedFiles\Release\moc_CQRWidget.cpp)
  moc_ControlSql.cpp
e:\study\qtcontrolcenter\qtcontrol\base\runtime.h : warning C4819: 该文件包含不能在当前代码页(936)中表示的字符。请将该文件保存为 Unicode 格式以防止数据丢失 (编译源文件 .\GeneratedFiles\Release\moc_CProgressWidget.cpp)
  moc_ConfigWidget.cpp
e:\study\qtcontrolcenter\qtcontrol\base\runtime.h : warning C4819: 该文件包含不能在当前代码页(936)中表示的字符。请将该文件保存为 Unicode 格式以防止数据丢失 (编译源文件 .\GeneratedFiles\Release\moc_CSerialPort.cpp)
  moc_frmcomtool.cpp
e:\study\qtcontrolcenter\qtcontrol\frmcomtool.h : warning C4819: 该文件包含不能在当前代码页(936)中表示的字符。请将该文件保存为 Unicode 格式以防止数据丢失 (编译源文件 .\GeneratedFiles\Release\moc_frmcomtool.cpp)
e:\study\qtcontrolcenter\qtcontrol\log\log_deffine.h(12): warning C4091: “typedef ”: 没有声明变量时忽略“EnumLogLevel”的左侧 (编译源文件 .\GeneratedFiles\Release\moc_ControlSql.cpp)
  moc_NumKeyBoard.cpp
e:\study\qtcontrolcenter\qtcontrol\include\develop_interface.h : warning C4819: 该文件包含不能在当前代码页(936)中表示的字符。请将该文件保存为 Unicode 格式以防止数据丢失 (编译源文件 .\GeneratedFiles\Release\moc_ControlSql.cpp)
e:\study\qtcontrolcenter\qtcontrol\base\myhelper.h : warning C4819: 该文件包含不能在当前代码页(936)中表示的字符。请将该文件保存为 Unicode 格式以防止数据丢失 (编译源文件 .\GeneratedFiles\Release\moc_ControlSql.cpp)
e:\study\qtcontrolcenter\qtcontrol\frmcomtool.h : warning C4819: 该文件包含不能在当前代码页(936)中表示的字符。请将该文件保存为 Unicode 格式以防止数据丢失 (编译源文件 .\GeneratedFiles\Release\moc_ConfigWidget.cpp)
e:\study\qtcontrolcenter\qtcontrol\include\develop_interface.h : warning C4819: 该文件包含不能在当前代码页(936)中表示的字符。请将该文件保存为 Unicode 格式以防止数据丢失 (编译源文件 .\GeneratedFiles\Release\moc_ConfigWidget.cpp)
e:\study\qtcontrolcenter\qtcontrol\log\log_deffine.h(12): warning C4091: “typedef ”: 没有声明变量时忽略“EnumLogLevel”的左侧 (编译源文件 .\GeneratedFiles\Release\moc_ConfigWidget.cpp)
e:\study\qtcontrolcenter\qtcontrol\base\myhelper.h : warning C4819: 该文件包含不能在当前代码页(936)中表示的字符。请将该文件保存为 Unicode 格式以防止数据丢失 (编译源文件 .\GeneratedFiles\Release\moc_ConfigWidget.cpp)
e:\study\qtcontrolcenter\qtcontrol\include\develop_interface.h : warning C4819: 该文件包含不能在当前代码页(936)中表示的字符。请将该文件保存为 Unicode 格式以防止数据丢失 (编译源文件 .\GeneratedFiles\Release\moc_frmcomtool.cpp)
e:\study\qtcontrolcenter\qtcontrol\log\log_deffine.h(12): warning C4091: “typedef ”: 没有声明变量时忽略“EnumLogLevel”的左侧 (编译源文件 .\GeneratedFiles\Release\moc_frmcomtool.cpp)
e:\study\qtcontrolcenter\qtcontrol\base\myhelper.h : warning C4819: 该文件包含不能在当前代码页(936)中表示的字符。请将该文件保存为 Unicode 格式以防止数据丢失 (编译源文件 .\GeneratedFiles\Release\moc_frmcomtool.cpp)
e:\study\qtcontrolcenter\qtcontrol\include\develop_interface.h : warning C4819: 该文件包含不能在当前代码页(936)中表示的字符。请将该文件保存为 Unicode 格式以防止数据丢失 (编译源文件 .\GeneratedFiles\Release\moc_NumKeyBoard.cpp)
e:\study\qtcontrolcenter\qtcontrol\log\log_deffine.h(12): warning C4091: “typedef ”: 没有声明变量时忽略“EnumLogLevel”的左侧 (编译源文件 .\GeneratedFiles\Release\moc_NumKeyBoard.cpp)
e:\study\qtcontrolcenter\qtcontrol\base\myhelper.h : warning C4819: 该文件包含不能在当前代码页(936)中表示的字符。请将该文件保存为 Unicode 格式以防止数据丢失 (编译源文件 .\GeneratedFiles\Release\moc_NumKeyBoard.cpp)
e:\study\qtcontrolcenter\qtcontrol\base\runtime.h : warning C4819: 该文件包含不能在当前代码页(936)中表示的字符。请将该文件保存为 Unicode 格式以防止数据丢失 (编译源文件 .\GeneratedFiles\Release\moc_ControlSql.cpp)
e:\study\qtcontrolcenter\qtcontrol\base\runtime.h : warning C4819: 该文件包含不能在当前代码页(936)中表示的字符。请将该文件保存为 Unicode 格式以防止数据丢失 (编译源文件 .\GeneratedFiles\Release\moc_ConfigWidget.cpp)
  moc_Qtxqm.cpp
e:\study\qtcontrolcenter\qtcontrol\base\runtime.h : warning C4819: 该文件包含不能在当前代码页(936)中表示的字符。请将该文件保存为 Unicode 格式以防止数据丢失 (编译源文件 .\GeneratedFiles\Release\moc_frmcomtool.cpp)
e:\study\qtcontrolcenter\qtcontrol\base\runtime.h : warning C4819: 该文件包含不能在当前代码页(936)中表示的字符。请将该文件保存为 Unicode 格式以防止数据丢失 (编译源文件 .\GeneratedFiles\Release\moc_NumKeyBoard.cpp)
  moc_QGetWidget.cpp
  moc_qextserialbase.cpp
e:\study\qtcontrolcenter\qtcontrol\include\develop_interface.h : warning C4819: 该文件包含不能在当前代码页(936)中表示的字符。请将该文件保存为 Unicode 格式以防止数据丢失 (编译源文件 .\GeneratedFiles\Release\moc_Qtxqm.cpp)
e:\study\qtcontrolcenter\qtcontrol\log\log_deffine.h(12): warning C4091: “typedef ”: 没有声明变量时忽略“EnumLogLevel”的左侧 (编译源文件 .\GeneratedFiles\Release\moc_Qtxqm.cpp)
e:\study\qtcontrolcenter\qtcontrol\base\myhelper.h : warning C4819: 该文件包含不能在当前代码页(936)中表示的字符。请将该文件保存为 Unicode 格式以防止数据丢失 (编译源文件 .\GeneratedFiles\Release\moc_Qtxqm.cpp)
  moc_qextserialport.cpp
e:\study\qtcontrolcenter\qtcontrol\include\develop_interface.h : warning C4819: 该文件包含不能在当前代码页(936)中表示的字符。请将该文件保存为 Unicode 格式以防止数据丢失 (编译源文件 .\GeneratedFiles\Release\moc_QGetWidget.cpp)
e:\study\qtcontrolcenter\qtcontrol\log\log_deffine.h(12): warning C4091: “typedef ”: 没有声明变量时忽略“EnumLogLevel”的左侧 (编译源文件 .\GeneratedFiles\Release\moc_QGetWidget.cpp)
e:\study\qtcontrolcenter\qtcontrol\base\myhelper.h : warning C4819: 该文件包含不能在当前代码页(936)中表示的字符。请将该文件保存为 Unicode 格式以防止数据丢失 (编译源文件 .\GeneratedFiles\Release\moc_QGetWidget.cpp)
  moc_win_qextserialport.cpp
  moc_QPortControl.cpp
e:\study\qtcontrolcenter\qtcontrol\base\runtime.h : warning C4819: 该文件包含不能在当前代码页(936)中表示的字符。请将该文件保存为 Unicode 格式以防止数据丢失 (编译源文件 .\GeneratedFiles\Release\moc_Qtxqm.cpp)
e:\study\qtcontrolcenter\qtcontrol\base\runtime.h : warning C4819: 该文件包含不能在当前代码页(936)中表示的字符。请将该文件保存为 Unicode 格式以防止数据丢失 (编译源文件 .\GeneratedFiles\Release\moc_QGetWidget.cpp)
  moc_QMoveControl.cpp
e:\study\qtcontrolcenter\qtcontrol\include\develop_interface.h : warning C4819: 该文件包含不能在当前代码页(936)中表示的字符。请将该文件保存为 Unicode 格式以防止数据丢失 (编译源文件 .\GeneratedFiles\Release\moc_QPortControl.cpp)
e:\study\qtcontrolcenter\qtcontrol\log\log_deffine.h(12): warning C4091: “typedef ”: 没有声明变量时忽略“EnumLogLevel”的左侧 (编译源文件 .\GeneratedFiles\Release\moc_QPortControl.cpp)
e:\study\qtcontrolcenter\qtcontrol\base\myhelper.h : warning C4819: 该文件包含不能在当前代码页(936)中表示的字符。请将该文件保存为 Unicode 格式以防止数据丢失 (编译源文件 .\GeneratedFiles\Release\moc_QPortControl.cpp)
  moc_QtGuiClass.cpp
  moc_KeyBoard.cpp
e:\study\qtcontrolcenter\qtcontrol\include\develop_interface.h : warning C4819: 该文件包含不能在当前代码页(936)中表示的字符。请将该文件保存为 Unicode 格式以防止数据丢失 (编译源文件 .\GeneratedFiles\Release\moc_QMoveControl.cpp)
e:\study\qtcontrolcenter\qtcontrol\log\log_deffine.h(12): warning C4091: “typedef ”: 没有声明变量时忽略“EnumLogLevel”的左侧 (编译源文件 .\GeneratedFiles\Release\moc_QMoveControl.cpp)
e:\study\qtcontrolcenter\qtcontrol\base\myhelper.h : warning C4819: 该文件包含不能在当前代码页(936)中表示的字符。请将该文件保存为 Unicode 格式以防止数据丢失 (编译源文件 .\GeneratedFiles\Release\moc_QMoveControl.cpp)
  qrc_QtControl.cpp
e:\study\qtcontrolcenter\qtcontrol\base\runtime.h : warning C4819: 该文件包含不能在当前代码页(936)中表示的字符。请将该文件保存为 Unicode 格式以防止数据丢失 (编译源文件 .\GeneratedFiles\Release\moc_QPortControl.cpp)
e:\study\qtcontrolcenter\qtcontrol\base\runtime.h : warning C4819: 该文件包含不能在当前代码页(936)中表示的字符。请将该文件保存为 Unicode 格式以防止数据丢失 (编译源文件 .\GeneratedFiles\Release\moc_QMoveControl.cpp)
Release\moc_KeyBoard.obj : warning LNK4042: 对象被多次指定；已忽略多余的指定
Release\moc_QtControl.obj : warning LNK4042: 对象被多次指定；已忽略多余的指定
Release\moc_frmcomtool.obj : warning LNK4042: 对象被多次指定；已忽略多余的指定
Release\moc_NumKeyBoard.obj : warning LNK4042: 对象被多次指定；已忽略多余的指定
Release\moc_KeyBoard.obj : warning LNK4042: 对象被多次指定；已忽略多余的指定
Release\qrc_QtControl.obj : warning LNK4042: 对象被多次指定；已忽略多余的指定
qtmain.lib(qtmain_win.obj) : warning LNK4099: 未找到 PDB“qtmain.pdb”(使用“qtmain.lib(qtmain_win.obj)”或在“E:\study\QtControlCenter\Win32\Release\qtmain.pdb”中寻找)；正在链接对象，如同没有调试信息一样
  QtControl.vcxproj -> E:\study\QtControlCenter\Win32\Release\QtControl.exe
