e:\qtcontrol\qtcontrolcenter\qtcontrol\release\lock_tool.obj
e:\qtcontrol\qtcontrolcenter\qtcontrol\release\controlsql.obj
e:\qtcontrol\qtcontrolcenter\qtcontrol\release\moc_keyboard.obj
e:\qtcontrol\qtcontrolcenter\qtcontrol\release\moc_frmcomtool.obj
e:\qtcontrol\qtcontrolcenter\qtcontrol\release\moc_numkeyboard.obj
e:\qtcontrol\qtcontrolcenter\qtcontrol\release\main.obj
e:\qtcontrol\qtcontrolcenter\qtcontrol\release\qtxqm.obj
e:\qtcontrol\qtcontrolcenter\qtcontrol\release\moc_cprogresswidget.obj
e:\qtcontrol\qtcontrolcenter\qtcontrol\release\moc_qgetwidget.obj
e:\qtcontrol\qtcontrolcenter\qtcontrol\release\sqlbase.obj
e:\qtcontrol\qtcontrolcenter\qtcontrol\release\cprogresswidget.obj
e:\qtcontrol\qtcontrolcenter\qtcontrol\release\cqrwidget.obj
e:\qtcontrol\qtcontrolcenter\qtcontrol\release\moc_qtcontrol.obj
e:\qtcontrol\qtcontrolcenter\qtcontrol\release\qtcontrol.obj
e:\qtcontrol\qtcontrolcenter\qtcontrol\release\moc_cqrwidget.obj
e:\qtcontrol\qtcontrolcenter\qtcontrol\release\moc_controlsql.obj
e:\qtcontrol\qtcontrolcenter\qtcontrol\release\runtime.obj
e:\qtcontrol\qtcontrolcenter\qtcontrol\release\cserialport.obj
e:\qtcontrol\qtcontrolcenter\qtcontrol\release\logger.obj
e:\qtcontrol\qtcontrolcenter\qtcontrol\release\logmanager.obj
e:\qtcontrol\qtcontrolcenter\qtcontrol\release\moc_cmessage.obj
e:\qtcontrol\qtcontrolcenter\qtcontrol\release\moc_cserialport.obj
e:\qtcontrol\qtcontrolcenter\qtcontrol\release\qrc_qtcontrol.obj
e:\qtcontrol\qtcontrolcenter\qtcontrol\release\qr_encode.obj
e:\qtcontrol\qtcontrolcenter\qtcontrol\release\cmessage.obj
e:\qtcontrol\qtcontrolcenter\qtcontrol\release\frmcomtool.obj
e:\qtcontrol\qtcontrolcenter\qtcontrol\release\keyboard.obj
e:\qtcontrol\qtcontrolcenter\qtcontrol\release\log_deffine.obj
e:\qtcontrol\qtcontrolcenter\qtcontrol\release\numkeyboard.obj
e:\qtcontrol\qtcontrolcenter\qtcontrol\release\serialportsetting.obj
e:\qtcontrol\qtcontrolcenter\qtcontrol\release\moc_sqlbase.obj
e:\qtcontrol\qtcontrolcenter\qtcontrol\release\moc_qtxqm.obj
e:\qtcontrol\qtcontrolcenter\qtcontrol\generatedfiles\release\moc_qtcontrol.cpp
e:\qtcontrol\qtcontrolcenter\qtcontrol\generatedfiles\release\moc_cmessage.cpp
e:\qtcontrol\qtcontrolcenter\qtcontrol\generatedfiles\release\moc_cqrwidget.cpp
e:\qtcontrol\qtcontrolcenter\qtcontrol\generatedfiles\release\moc_cprogresswidget.cpp
e:\qtcontrol\qtcontrolcenter\qtcontrol\generatedfiles\release\moc_cserialport.cpp
e:\qtcontrol\qtcontrolcenter\qtcontrol\generatedfiles\release\moc_sqlbase.cpp
e:\qtcontrol\qtcontrolcenter\qtcontrol\generatedfiles\release\moc_controlsql.cpp
e:\qtcontrol\qtcontrolcenter\qtcontrol\generatedfiles\release\moc_frmcomtool.cpp
e:\qtcontrol\qtcontrolcenter\qtcontrol\generatedfiles\release\moc_numkeyboard.cpp
e:\qtcontrol\qtcontrolcenter\qtcontrol\generatedfiles\release\moc_qtxqm.cpp
e:\qtcontrol\qtcontrolcenter\qtcontrol\generatedfiles\release\moc_qgetwidget.cpp
e:\qtcontrol\qtcontrolcenter\qtcontrol\generatedfiles\release\moc_keyboard.cpp
e:\qtcontrol\qtcontrolcenter\qtcontrol\generatedfiles\qrc_qtcontrol.cpp
e:\qtcontrol\qtcontrolcenter\qtcontrol\generatedfiles\ui_cmessage.h
e:\qtcontrol\qtcontrolcenter\qtcontrol\generatedfiles\ui_cprogresswidget.h
e:\qtcontrol\qtcontrolcenter\qtcontrol\generatedfiles\ui_cqrwidget.h
e:\qtcontrol\qtcontrolcenter\qtcontrol\generatedfiles\ui_frmcomtool.h
e:\qtcontrol\qtcontrolcenter\qtcontrol\generatedfiles\ui_keyboard.h
e:\qtcontrol\qtcontrolcenter\qtcontrol\generatedfiles\ui_numkeyboard.h
e:\qtcontrol\qtcontrolcenter\qtcontrol\generatedfiles\ui_qgetwidget.h
e:\qtcontrol\qtcontrolcenter\qtcontrol\generatedfiles\ui_qtcontrol.h
e:\qtcontrol\qtcontrolcenter\qtcontrol\generatedfiles\ui_serialportsetting.h
e:\qtcontrol\qtcontrolcenter\qtcontrol\release\vc141.pdb
e:\qtcontrol\qtcontrolcenter\qtcontrol\release\qtcontrol.tlog\cl.10132.write.1.tlog
e:\qtcontrol\qtcontrolcenter\qtcontrol\release\qtcontrol.tlog\cl.command.1.tlog
e:\qtcontrol\qtcontrolcenter\qtcontrol\release\qtcontrol.tlog\cl.read.1.tlog
e:\qtcontrol\qtcontrolcenter\qtcontrol\release\qtcontrol.tlog\qtcontrol.write.1u.tlog
